Arguments: 
  C:\Program Files\nodejs\node.exe C:\Users\chen\AppData\Roaming\npm\node_modules\yarn\bin\yarn.js add mkdirp

PATH: 
  C:\Users\chen\bin;C:\Program Files\Git\mingw64\bin;C:\Program Files\Git\usr\local\bin;C:\Program Files\Git\usr\bin;C:\Program Files\Git\usr\bin;C:\Program Files\Git\mingw64\bin;C:\Program Files\Git\usr\bin;C:\Users\chen\bin;C:\Program Files\ImageMagick-7.0.1-Q16;C:\ProgramData\Oracle\Java\javapath;C:\Program Files (x86)\Intel\iCLS Client;C:\Program Files\Intel\iCLS Client;C:\Windows\system32;C:\Windows;C:\Windows\System32\Wbem;C:\Windows\System32\WindowsPowerShell\v1.0;C:\Program Files (x86)\Intel\Intel(R) Management Engine Components\DAL;C:\Program Files\Intel\Intel(R) Management Engine Components\DAL;C:\Program Files (x86)\Intel\Intel(R) Management Engine Components\IPT;C:\Program Files\Intel\Intel(R) Management Engine Components\IPT;C:\Program Files (x86)\NVIDIA Corporation\PhysX\Common;C:\instantclient_12_1;C:\WINDOWS\system32\config\systemprofile\.dnx\bin;C:\Program Files\Microsoft DNX\Dnvm;C:\Program Files (x86)\Windows Kits\8.1\Windows Performance Toolkit;C:\Program Files\Microsoft SQL Server\120\Tools\Binn;C:\Program Files\Microsoft SQL Server\130\Tools\Binn;C:\Program Files\nodejs;C:\Program Files\Git\cmd;C:\Program Files (x86)\DevDesktop\tools;C:\WINDOWS\system32;C:\WINDOWS;C:\WINDOWS\System32\Wbem;C:\WINDOWS\System32\WindowsPowerShell\v1.0;C:\Program Files\OpenVPN\bin;J:\php\php\php-7.0.12-nts;C:\Users\chen\AppData\Local\atom\bin;C:\Users\chen\AppData\Roaming\npm;%USERPROFILE%\AppData\Local\Microsoft\WindowsApps;C:\Program Files\Git\usr\bin\vendor_perl;C:\Program Files\Git\usr\bin\core_perl

Yarn version: 
  0.16.1

Node version: 
  6.2.0

Platform: 
  win32 x64

npm manifest: 
  {
    "name": "generator-weather-wx",
    "version": "0.0.0",
    "description": "微信小程序脚手架",
    "homepage": "",
    "author": {
      "name": "chenjinxinlove",
      "email": "chenjinxinlove@gmail.com",
      "url": ""
    },
    "files": [
      "generators"
    ],
    "main": "generators/index.js",
    "keywords": [
      "微信 小程序",
      "yeoman-generator"
    ],
    "devDependencies": {
      "yeoman-test": "^1.6.0",
      "yeoman-assert": "^3.0.0",
      "coveralls": "^2.12.0",
      "nsp": "^2.6.3",
      "eslint": "^3.18.0",
      "eslint-config-xo-space": "^0.16.0",
      "jest": "^19.0.2",
      "jest-cli": "^19.0.1"
    },
    "dependencies": {
      "yeoman-generator": "^1.0.0",
      "chalk": "^1.1.3",
      "yosay": "^2.0.0"
    },
    "jest": {
      "testEnvironment": "node"
    },
    "scripts": {
      "prepublish": "nsp check",
      "pretest": "eslint . --fix",
      "test": "jest"
    },
    "eslintConfig": {
      "extends": "xo-space",
      "env": {
        "jest": true,
        "node": true
      }
    },
    "repository": "git@github.com:chenjinxinlove/generator-weather-wx.git/generator-weather-wx",
    "license": "Apache-2.0"
  }

yarn manifest: 
  No manifest

bower manifest: 
  No manifest

Lockfile: 
  No lockfile

Trace: 
  Error: connect ETIMEDOUT 104.16.62.173:443
      at Object.exports._errnoException (util.js:953:11)
      at exports._exceptionWithHostPort (util.js:976:20)
      at TCPConnectWrap.afterConnect [as oncomplete] (net.js:1080:14)
